<?xml version="1.0" encoding="UTF-8"?>
<testsuite xmlns:xsi="http://www.w3.org/2001/XMLSchema-instance" xsi:noNamespaceSchemaLocation="https://maven.apache.org/surefire/maven-surefire-plugin/xsd/surefire-test-report-3.0.xsd" version="3.0" name="org.openmrs.module.fpverification.api.dao.FpverificationDaoTest" time="0.197" tests="1" errors="0" skipped="1" failures="0">
  <properties>
[...]
</properties>
  <testcase name="saveItem_shouldSaveAllPropertiesInDb" classname="org.openmrs.module.fpverification.api.dao.FpverificationDaoTest" time="0.0">
    <skipped message="Unignore if you want to make the Item class persistable, see also Item and liquibase.xml"/>
  </testcase>
</testsuite>